<?xml version="1.0" encoding="UTF-8"?>
<beans xmlns="http://www.springframework.org/schema/beans"
  xmlns:xsi="http://www.w3.org/2001/XMLSchema-instance"
  xmlns:context="http://www.springframework.org/schema/context"
  xsi:schemaLocation="
    http://www.springframework.org/schema/beans http://www.springframework.org/schema/beans/spring-beans-3.0.xsd
    http://www.springframework.org/schema/context http://www.springframework.org/schema/context/spring-context-3.0.xsd"
  default-autowire="byName">
  <!--
  <context:property-placeholder
    location="file://${aurin-properties.dir}/applications/data-provider/test.properties,
        file://${aurin-properties.dir}/common.properties" ignore-unresolvable="true" />
  -->
  <!-- Enable Spring beans annotation support -->
  <context:annotation-config />
<!--   	<context:component-scan base-package="au.org.aurin.wif.restclient" /> -->
  <bean id="projectServiceClient"
    class="au.org.aurin.wif.restclient.ProjectServiceClientImpl">
    <!-- <property name="url" value="${wif.config.restClientTargetURL}" /> -->
    <property name="url" value="https://dev-api.aurin.org.au/aurin-wif/" />
  </bean>
  <bean id="restTemplate" class="org.springframework.web.client.RestTemplate" />

  <bean id="suitabilityScenarioServiceClient"
    class="au.org.aurin.wif.restclient.SuitabilityScenarioServiceClientImpl">
    <!-- <property name="url" value="${wif.config.restClientTargetURL}" /> -->
    <property name="url" value="https://dev-api.aurin.org.au/aurin-wif/" />
  </bean>

  <bean id="suitabilityLUServiceClient"
    class="au.org.aurin.wif.restclient.SuitabilityLUServiceClientImpl">
    <!-- <property name="url" value="${wif.config.restClientTargetURL}" /> -->
    <property name="url" value="https://dev-api.aurin.org.au/aurin-wif/" />
  </bean>
  
  <bean id="allocationLUServiceClient"
    class="au.org.aurin.wif.restclient.AllocationLUServiceClientImpl">
    <property name="url" value="https://dev-api.aurin.org.au/aurin-wif/" />
  </bean>

  <bean id="factorServiceClient"
    class="au.org.aurin.wif.restclient.FactorServiceClientImpl">
    <property name="url" value="https://dev-api.aurin.org.au/aurin-wif/" />
  </bean>

  <bean id="factorTypeServiceClient"
    class="au.org.aurin.wif.restclient.FactorTypeServiceClientImpl">
    <property name="url" value="https://dev-api.aurin.org.au/aurin-wif/" />
  </bean>
</beans>